==== Ejecutando recordatorio_cierre ====
==== Fin ejecución ====
==== Ejecutando recordatorio_cierre ====
Enviando recordatorio para fecha 15 a todos los usuarios activos...
Emails enviados a 8 usuarios.
No corresponde enviar recordatorio para fecha 999, faltan -1 day, 23:59:45.915396
==== Fin ejecución ====
==== Ejecutando recordatorio_cierre ====
Enviando recordatorio para fecha 15 a todos los usuarios activos...
Error enviando emails: [Errno 101] Network is unreachable
Enviando recordatorio para fecha 999 a todos los usuarios activos...
Error enviando emails: [Errno 101] Network is unreachable
==== Fin ejecución ====
==== Ejecutando recordatorio_cierre ====
Enviando recordatorio para fecha 15 a todos los usuarios activos...
Emails enviados a 8 usuarios.
Enviando recordatorio para fecha 999 a todos los usuarios activos...
Emails enviados a 8 usuarios.
==== Fin ejecución ====
==== Ejecutando recordatorio_cierre ====
Enviando recordatorio para fecha 15 a todos los usuarios activos...
Emails enviados a 8 usuarios.
Enviando recordatorio para fecha 999 a todos los usuarios activos...
Emails enviados a 8 usuarios.
==== Fin ejecución ====
==== Ejecutando recordatorio_cierre ====
Enviando recordatorio para fecha 15 a todos los usuarios activos...
Emails enviados a 8 usuarios.
Enviando recordatorio para fecha 999 a todos los usuarios activos...
Emails enviados a 8 usuarios.
==== Fin ejecución ====
==== Ejecutando recordatorio_cierre ====
Enviando recordatorio para fecha 15 a todos los usuarios activos...
Emails enviados a 8 usuarios.
Enviando recordatorio para fecha 999 a todos los usuarios activos...
Emails enviados a 8 usuarios.
==== Fin ejecución ====
==== Ejecutando recordatorio_cierre ====
No corresponde enviar recordatorio para fecha 15, faltan 0:00:29.996107.
No corresponde enviar recordatorio para fecha 999, faltan 0:00:29.996072.
==== Fin ejecución ====
==== Ejecutando recordatorio_cierre ====
No corresponde enviar recordatorio para fecha 15, faltan 9 days, 13:38:58.304345.
No corresponde enviar recordatorio para fecha 999, faltan 0:09:49.910657.
==== Fin ejecución ====
==== Ejecutando recordatorio_cierre ====
No corresponde enviar recordatorio para fecha 15, faltan 9 days, 13:34:57.637196.
No corresponde enviar recordatorio para fecha 999, faltan 0:05:49.243494.
==== Fin ejecución ====
==== Ejecutando recordatorio_cierre ====
No corresponde enviar recordatorio para fecha 15, faltan 9 days, 13:29:58.014382.
No corresponde enviar recordatorio para fecha 999, faltan 0:00:49.620692.
==== Fin ejecución ====
